<?xml version="1.0" encoding="UTF-8"?>
<testsuite name="automatizar cita" tests="1" skipped="0" failures="0" errors="0" timestamp="2020-06-22T14:14:36" hostname="USUARIO-PC" time="19.044">
  <properties/>
  <testcase name="automatizar cita medica" classname="automatizar cita" time="19.044"/>
  <system-out><![CDATA[]]></system-out>
  <system-err><![CDATA[jun 22, 2020 9:14:36 AM org.openqa.selenium.remote.DesiredCapabilities chrome
INFORMACIÓN: Using `new ChromeOptions()` is preferred to `DesiredCapabilities.chrome()`
Starting ChromeDriver 83.0.4103.39 (ccbf011cb2d2b19b506d844400483861342c20cd-refs/branch-heads/4103@{#416}) on port 28779
Only local connections are allowed.
Please see https://chromedriver.chromium.org/security-considerations for suggestions on keeping ChromeDriver safe.
ChromeDriver was started successfully.
jun 22, 2020 9:14:40 AM org.openqa.selenium.remote.ProtocolHandshake createSession
INFORMACIÓN: Detected dialect: W3C
[Test worker] INFO net.serenitybdd.core.Serenity - 
        __    _____ _____ ____ _____   ____   _    ____  ____  _____ ____  
  _     \ \  |_   _| ____/ ___|_   _| |  _ \ / \  / ___|/ ___|| ____|  _ \ 
 (_)_____| |   | | |  _| \___ \ | |   | |_) / _ \ \___ \\___ \|  _| | | | |
  _|_____| |   | | | |___ ___) || |   |  __/ ___ \ ___) |___) | |___| |_| |
 (_)     | |   |_| |_____|____/ |_|   |_| /_/   \_\____/|____/|_____|____/ 
        /_/                                                                

TEST PASSED: automatizar cita medica
----------------------------------------------------------------------------
]]></system-err>
</testsuite>
